* using log directory 'C:/Users/user/Desktop/Uni/Master/TFM/repifriends/package/epifriends.Rcheck'
* using R version 4.1.1 (2021-08-10)
* using platform: x86_64-w64-mingw32 (64-bit)
* using session charset: ISO8859-1
* checking for file 'epifriends/DESCRIPTION' ... OK
* checking extension type ... Package
* this is package 'epifriends' version '0.1.0'
* package encoding: UTF-8
* checking package namespace information ... OK
* checking package dependencies ... OK
* checking if this is a source package ... OK
* checking if there is a namespace ... OK
* checking for executable files ... OK
* checking for hidden files and directories ... OK
* checking for portable file names ... OK
* checking whether package 'epifriends' can be installed ... OK
* checking installed package size ... OK
* checking package directory ... OK
* checking DESCRIPTION meta-information ... WARNING
Non-standard license specification:
  What license is it under?
Standardizable: FALSE
* checking top-level files ... OK
* checking for left-over files ... OK
* checking index information ... OK
* checking package subdirectories ... OK
* checking R files for non-ASCII characters ... OK
* checking R files for syntax errors ... OK
* checking whether the package can be loaded ... OK
* checking whether the package can be loaded with stated dependencies ... OK
* checking whether the package can be unloaded cleanly ... OK
* checking whether the namespace can be loaded with stated dependencies ... OK
* checking whether the namespace can be unloaded cleanly ... OK
* checking loading without being on the library search path ... OK
* checking dependencies in R code ... OK
* checking S3 generic/method consistency ... OK
* checking replacement functions ... OK
* checking foreign function calls ... OK
* checking R code for possible problems ... NOTE
catalogue: no visible global function definition for 'pbinom'
find_indeces: no visible global function definition for 'nn2'
temporal_catalogue: no visible global function definition for 'chron'
Undefined global functions or variables:
  chron nn2 pbinom
Consider adding
  importFrom("stats", "pbinom")
to your NAMESPACE file.
* checking Rd files ... OK
* checking Rd metadata ... OK
* checking Rd cross-references ... OK
* checking for missing documentation entries ... WARNING
Undocumented code objects:
  'add_temporal_id' 'distance' 'find_indeces' 'get_label_list'
  'get_lifetimes'
All user-level objects in a package should have documentation entries.
See chapter 'Writing R documentation files' in the 'Writing R
Extensions' manual.
* checking for code/documentation mismatches ... OK
* checking Rd \usage sections ... WARNING
Undocumented arguments in documentation object 'dbscan'
  'link_d' 'min_neighbours'
Documented arguments not in \usage in documentation object 'dbscan':
  'link_d:' 'min_neighbours:'

Functions with \usage entries need to have the appropriate \alias
entries, and all their arguments documented.
The \usage entries must correspond to syntactically valid R code.
See chapter 'Writing R documentation files' in the 'Writing R
Extensions' manual.
* checking Rd contents ... OK
* checking for unstated dependencies in examples ... WARNING
'library' or 'require' calls not declared from:
  'RANN' 'chron'
* checking examples ... ERROR
Running examples in 'epifriends-Ex.R' failed
The error most likely occurred in:

> ### Name: temporal_catalogue
> ### Title: This method generates a list of EpiFRIenDs catalogues
> ###   representing different time frames by including only cases within a
> ###   time window that moves within each time step.
> ### Aliases: temporal_catalogue
> 
> ### ** Examples
> 
> # Required packages
> if(!require("RANN")) install.packages("RANN")
Loading required package: RANN
Warning: package 'RANN' was built under R version 4.1.3
> if(!require("chron")) install.packages("chron")
Loading required package: chron
Warning: package 'chron' was built under R version 4.1.3
> library("RANN")
> library("chron")
> 
> # Creation of x vector of longitude coordinates, y vector of latitude coordinates and finaly merge them on a position data frame.
> x <- c(1,2,3,4,7.5,8,8.5,9,10,13,13.1,13.2,13.3,14,15,30)
> y <- c(1,2,3,4,7.5,8,8.5,9,10,13,13.1,13.2,13.3,14,15,30)
> pos <- data.frame(x,y)
> 
> # Creation of test data frame with 0 for negative cases and 1 for positive clases for each position.
> test <- data.frame(c(0,1,1,0,1,0,1,1,0,0,0,0,1,0,1,1))
> 
> #Creation of chron dates vector in format 'y-m-d h:m:s'.
> dates <- c("2020-11-03 05:33:07","2021-05-19 10:29:59","2021-02-09 14:53:20","2021-11-21 02:35:38","2020-11-19 05:57:24",
+ "2021-06-09 07:50:30","2021-09-18 05:53:26","2020-03-19 17:16:56","2021-06-08 12:40:46","2020-06-26 05:01:31",
+ "2020-10-15 04:40:27","2021-05-28 15:23:23","2020-05-01 02:56:54","2020-08-19 22:45:35","2021-10-23 18:56:35",
+ "2020-10-19 00:01:25")
> 
> # Creation of temporal catalogue for this data.
> tcat <- tcat <- temporal_catalogue(pos, test, dates ,link_d = 2, time_width = 305, time_steps = 305, linking_time = 3, linking_dist = 2)
Error in matrix(NA, length(catalogue_list[[t]]$id)) : data is too long
Calls: temporal_catalogue -> add_temporal_id -> data.frame -> matrix
Execution halted
* checking PDF version of manual ... WARNING
LaTeX errors when creating PDF version.
This typically indicates Rd problems.
LaTeX errors found:
* checking PDF version of manual without hyperrefs or index ... ERROR
* DONE
Status: 2 ERRORs, 5 WARNINGs, 1 NOTE
