Hmm ... looks like a package
This is pdfTeX, Version 3.141592653-2.6-1.40.23 (TeX Live 2021/W32TeX) (preloaded format=pdflatex)
 restricted \write18 enabled.
entering extended mode
(./Rd2.tex
LaTeX2e <2021-11-15> patch level 1
L3 programming layer <2022-02-24>
(c:/Users/user/AppData/Roaming/TinyTeX/texmf-dist/tex/latex/base/book.cls
Document Class: book 2021/10/04 v1.4n Standard LaTeX document class
(c:/Users/user/AppData/Roaming/TinyTeX/texmf-dist/tex/latex/base/bk10.clo)) (c:/Program Files/R/R-4.1.1/share/texmf/tex/latex/Rd.sty (c:/Users/user/AppData/Roaming/TinyTeX/texmf-dist/tex/latex/base/ifthen.sty) (c:/Users/user/AppData/Roaming/TinyTeX/texmf-dist/tex/latex/tools/longtable.sty) (c:/Users/user/AppData/Roaming/TinyTeX/texmf-dist/tex/latex/tools/bm.sty) (c:/Users/user/AppData/Roaming/TinyTeX/texmf-dist/tex/latex/base/alltt.sty) (c:/Users/user/AppData/Roaming/TinyTeX/texmf-dist/tex/latex/tools/verbatim.sty) (c:/Users/user/AppData/Roaming/TinyTeX/texmf-dist/tex/latex/url/url.sty) (c:/Users/user/AppData/Roaming/TinyTeX/texmf-dist/tex/latex/base/textcomp.sty) (c:/Users/user/AppData/Roaming/TinyTeX/texmf-dist/tex/latex/base/fontenc.sty) (c:/Users/user/AppData/Roaming/TinyTeX/texmf-dist/tex/latex/psnfss/times.sty)) (c:/Users/user/AppData/Roaming/TinyTeX/texmf-dist/tex/latex/base/inputenc.sty) (c:/Users/user/AppData/Roaming/TinyTeX/texmf-dist/tex/latex/psnfss/t1ptm.fd) (c:/Users/user/AppData/Roaming/TinyTeX/texmf-dist/tex/latex/l3backend/l3backend-pdftex.def)
No file Rd2.aux.
(c:/Users/user/AppData/Roaming/TinyTeX/texmf-dist/tex/latex/psnfss/t1pcr.fd)name = pcrr8t, rootname = pcrr8t, pointsize = 
mktexmf: empty or non-existent rootfile!

kpathsea: Running mktexmf pcrr8t.mf

The command name is C:\Users\user\AppData\Roaming\TinyTeX\bin\win32\mktexmf
Cannot find pcrr8t.mf.

! Font T1/pcr/m/n/10=pcrr8t at 10.0pt not loadable: Metric (TFM) file not found.
<to be read again> 
                   relax 
l.19 ...maintainer }\email{yourself@somewhere.net}
                                                  \AsIs{}
Missing character: There is no < in font nullfont!
Missing character: There is no y in font nullfont!
Missing character: There is no o in font nullfont!
Missing character: There is no u in font nullfont!
Missing character: There is no r in font nullfont!
Missing character: There is no s in font nullfont!
Missing character: There is no e in font nullfont!
Missing character: There is no l in font nullfont!
Missing character: There is no f in font nullfont!
Missing character: There is no @ in font nullfont!
Missing character: There is no s in font nullfont!
Missing character: There is no o in font nullfont!
Missing character: There is no m in font nullfont!
Missing character: There is no e in font nullfont!
Missing character: There is no w in font nullfont!
Missing character: There is no h in font nullfont!
Missing character: There is no e in font nullfont!
Missing character: There is no r in font nullfont!
Missing character: There is no e in font nullfont!
Missing character: There is no . in font nullfont!
Missing character: There is no n in font nullfont!
Missing character: There is no e in font nullfont!
Missing character: There is no t in font nullfont!
Missing character: There is no > in font nullfont!
(c:/Users/user/AppData/Roaming/TinyTeX/texmf-dist/tex/latex/psnfss/t1phv.fd)name = pcrr8t, rootname = pcrr8t, pointsize = 
mktexmf: empty or non-existent rootfile!

kpathsea: Running mktexmf pcrr8t.mf

The command name is C:\Users\user\AppData\Roaming\TinyTeX\bin\win32\mktexmf
Cannot find pcrr8t.mf.

No file Rd2.toc.
Missing character: There is no h in font nullfont!
Missing character: There is no e in font nullfont!
Missing character: There is no l in font nullfont!
Missing character: There is no l in font nullfont!
Missing character: There is no o in font nullfont!
Missing character: There is no h in font nullfont!
Missing character: There is no e in font nullfont!
Missing character: There is no l in font nullfont!
Missing character: There is no l in font nullfont!
Missing character: There is no o in font nullfont!
Missing character: There is no h in font nullfont!
Missing character: There is no e in font nullfont!
Missing character: There is no l in font nullfont!
Missing character: There is no l in font nullfont!
Missing character: There is no o in font nullfont!
Missing character: There is no ( in font nullfont!
Missing character: There is no ) in font nullfont!
! Font T1/pcr/m/n/9=pcrr8t at 9.0pt not loadable: Metric (TFM) file not found.
<to be read again> 
                   relax 
l.41 \begin{ExampleCode}
                        
Missing character: There is no h in font nullfont!
Missing character: There is no e in font nullfont!
Missing character: There is no l in font nullfont!
Missing character: There is no l in font nullfont!
Missing character: There is no o in font nullfont!
Missing character: There is no ( in font nullfont!
Missing character: There is no ) in font nullfont!
[1{c:/Users/user/AppData/Roaming/TinyTeX/texmf-var/fonts/map/pdftex/updmap/pdftex.map}] (./Rd2.aux) )
(see the transcript file for additional information){c:/Users/user/AppData/Roaming/TinyTeX/texmf-dist/fonts/enc/dvips/base/8r.enc}<c:/Users/user/AppData/Roaming/TinyTeX/texmf-dist/fonts/type1/urw/helvetic/uhvr8a.pfb><c:/Users/user/AppData/Roaming/TinyTeX/texmf-dist/fonts/type1/urw/times/utmb8a.pfb><c:/Users/user/AppData/Roaming/TinyTeX/texmf-dist/fonts/type1/urw/times/utmr8a.pfb><c:/Users/user/AppData/Roaming/TinyTeX/texmf-dist/fonts/type1/urw/times/utmri8a.pfb>
Output written on Rd2.pdf (1 page, 38364 bytes).
Transcript written on Rd2.log.

kpathsea: Running mktextfm pcrr8t

The command name is C:\Users\user\AppData\Roaming\TinyTeX\bin\win32\mktextfm
kpathsea: Appending font creation commands to missfont.log.

kpathsea: Running mktextfm pcrr8t

The command name is C:\Users\user\AppData\Roaming\TinyTeX\bin\win32\mktextfm
Error in texi2dvi(file = file, pdf = TRUE, clean = clean, quiet = quiet,  : 
  unable to run pdflatex on 'Rd2.tex'
LaTeX errors:
! Font T1/pcr/m/n/10=pcrr8t at 10.0pt not loadable: Metric (TFM) file not found.
<to be read again> 
                   relax 
l.19 ...maintainer }\email{yourself@somewhere.net}
                                                  \AsIs{}
! Font T1/pcr/m/n/9=pcrr8t at 9.0pt not loadable: Metric (TFM) file not found.
<to be read again> 
                   relax 
l.41 \begin{ExampleCode}
                        
This is pdfTeX, Version 3.141592653-2.6-1.40.23 (TeX Live 2021/W32TeX) (preloaded format=pdflatex)
 restricted \write18 enabled.
entering extended mode
(./Rd2.tex
LaTeX2e <2021-11-15> patch level 1
L3 programming layer <2022-02-24>
(c:/Users/user/AppData/Roaming/TinyTeX/texmf-dist/tex/latex/base/book.cls
Document Class: book 2021/10/04 v1.4n Standard LaTeX document class
(c:/Users/user/AppData/Roaming/TinyTeX/texmf-dist/tex/latex/base/bk10.clo)) (c:/Program Files/R/R-4.1.1/share/texmf/tex/latex/Rd.sty (c:/Users/user/AppData/Roaming/TinyTeX/texmf-dist/tex/latex/base/ifthen.sty) (c:/Users/user/AppData/Roaming/TinyTeX/texmf-dist/tex/latex/tools/longtable.sty) (c:/Users/user/AppData/Roaming/TinyTeX/texmf-dist/tex/latex/tools/bm.sty) (c:/Users/user/AppData/Roaming/TinyTeX/texmf-dist/tex/latex/base/alltt.sty) (c:/Users/user/AppData/Roaming/TinyTeX/texmf-dist/tex/latex/tools/verbatim.sty) (c:/Users/user/AppData/Roaming/TinyTeX/texmf-dist/tex/latex/url/url.sty) (c:/Users/user/AppData/Roaming/TinyTeX/texmf-dist/tex/latex/base/textcomp.sty) (c:/Users/user/AppData/Roaming/TinyTeX/texmf-dist/tex/latex/base/fontenc.sty) (c:/Users/user/AppData/Roaming/TinyTeX/texmf-dist/tex/latex/psnfss/times.sty)) (c:/Users/user/AppData/Roaming/TinyTeX/texmf-dist/tex/latex/base/inputenc.sty) (c:/Users/user/AppData/Roaming/TinyTeX/texmf-dist/tex/latex/psnfss/t1ptm.fd) (c:/Users/user/AppData/Roaming/TinyTeX/texmf-dist/tex/latex/l3backend/l3backend-pdftex.def) (./Rd2.aux) (c:/Users/user/AppData/Roaming/TinyTeX/texmf-dist/tex/latex/psnfss/t1pcr.fd)name = pcrr8t, rootname = pcrr8t, pointsize = 
mktexmf: empty or non-existent rootfile!

kpathsea: Running mktexmf pcrr8t.mf

The command name is C:\Users\user\AppData\Roaming\TinyTeX\bin\win32\mktexmf
Cannot find pcrr8t.mf.

! Font T1/pcr/m/n/10=pcrr8t at 10.0pt not loadable: Metric (TFM) file not found.
<to be read again> 
                   relax 
l.19 ...maintainer }\email{yourself@somewhere.net}
                                                  \AsIs{}
Missing character: There is no < in font nullfont!
Missing character: There is no y in font nullfont!
Missing character: There is no o in font nullfont!
Missing character: There is no u in font nullfont!
Missing character: There is no r in font nullfont!
Missing character: There is no s in font nullfont!
Missing character: There is no e in font nullfont!
Missing character: There is no l in font nullfont!
Missing character: There is no f in font nullfont!
Missing character: There is no @ in font nullfont!
Missing character: There is no s in font nullfont!
Missing character: There is no o in font nullfont!
Missing character: There is no m in font nullfont!
Missing character: There is no e in font nullfont!
Missing character: There is no w in font nullfont!
Missing character: There is no h in font nullfont!
Missing character: There is no e in font nullfont!
Missing character: There is no r in font nullfont!
Missing character: There is no e in font nullfont!
Missing character: There is no . in font nullfont!
Missing character: There is no n in font nullfont!
Missing character: There is no e in font nullfont!
Missing character: There is no t in font nullfont!
Missing character: There is no > in font nullfont!
(c:/Users/user/AppData/Roaming/TinyTeX/texmf-dist/tex/latex/psnfss/t1phv.fd) (./Rd2.toc)name = pcrr8t, rootname = pcrr8t, pointsize = 
mktexmf: empty or non-existent rootfile!

kpathsea: Running mktexmf pcrr8t.mf

The command name is C:\Users\user\AppData\Roaming\TinyTeX\bin\win32\mktexmf
Cannot find pcrr8t.mf.

Missing character: There is no h in font nullfont!
Missing character: There is no e in font nullfont!
Missing character: There is no l in font nullfont!
Missing character: There is no l in font nullfont!
Missing character: There is no o in font nullfont!
Missing character: There is no h in font nullfont!
Missing character: There is no e in font nullfont!
Missing character: There is no l in font nullfont!
Missing character: There is no l in font nullfont!
Missing character: There is no o in font nullfont!
Missing character: There is no h in font nullfont!
Missing character: There is no e in font nullfont!
Missing character: There is no l in font nullfont!
Missing character: There is no l in font nullfont!
Missing character: There is no o in font nullfont!
Missing character: There is no ( in font nullfont!
Missing character: There is no ) in font nullfont!
! Font T1/pcr/m/n/9=pcrr8t at 9.0pt not loadable: Metric (TFM) file not found.
<to be read again> 
                   relax 
l.41 \begin{ExampleCode}
                        
Missing character: There is no h in font nullfont!
Missing character: There is no e in font nullfont!
Missing character: There is no l in font nullfont!
Missing character: There is no l in font nullfont!
Missing character: There is no o in font nullfont!
Missing character: There is no ( in font nullfont!
Missing character: There is no ) in font nullfont!
[1{c:/Users/user/AppData/Roaming/TinyTeX/texmf-var/fonts/map/pdftex/updmap/pdftex.map}] (./Rd2.aux) )
(see the transcript file for additional information){c:/Users/user/AppData/Roaming/TinyTeX/texmf-dist/fonts/enc/dvips/base/8r.enc}<c:/Users/user/AppData/Roaming/TinyTeX/texmf-dist/fonts/type1/urw/helvetic/uhvr8a.pfb><c:/Users/user/AppData/Roaming/TinyTeX/texmf-dist/fonts/type1/urw/times/utmb8a.pfb><c:/Users/user/AppData/Roaming/TinyTeX/texmf-dist/fonts/type1/urw/times/utmr8a.pfb><c:/Users/user/AppData/Roaming/TinyTeX/texmf-dist/fonts/type1/urw/times/utmri8a.pfb>
Output written on Rd2.pdf (1 page, 38404 bytes).
Transcript written on Rd2.log.

kpathsea: Running mktextfm pcrr8t

The command name is C:\Users\user\AppData\Roaming\TinyTeX\bin\win32\mktextfm
kpathsea: Appending font creation commands to missfont.log.

kpathsea: Running mktextfm pcrr8t

The command name is C:\Users\user\AppData\Roaming\TinyTeX\bin\win32\mktextfm
Error in texi2dvi(file = file, pdf = TRUE, clean = clean, quiet = quiet,  : 
  unable to run pdflatex on 'Rd2.tex'
LaTeX errors:
! Font T1/pcr/m/n/10=pcrr8t at 10.0pt not loadable: Metric (TFM) file not found.
<to be read again> 
                   relax 
l.19 ...maintainer }\email{yourself@somewhere.net}
                                                  \AsIs{}
! Font T1/pcr/m/n/9=pcrr8t at 9.0pt not loadable: Metric (TFM) file not found.
<to be read again> 
                   relax 
l.41 \begin{ExampleCode}
                        
Error in running tools::texi2pdf()
You may want to clean up by 'rm -Rf C:/Users/user/AppData/Local/Temp/RtmpyK0ggQ/Rd2pdf46102eec5275'
